I, [2015-10-29T00:44:07.547121 #30462]  INFO -- : Refreshing Gem list
/opt/aptual/actual/config/application.rb:49:in `<class:Application>': no implicit conversion of String into Array (TypeError)
	from /opt/aptual/actual/config/application.rb:17:in `<module:Apptual>'
	from /opt/aptual/actual/config/application.rb:16:in `<top (required)>'
	from /opt/aptual/actual/config/environment.rb:2:in `require'
	from /opt/aptual/actual/config/environment.rb:2:in `<top (required)>'
	from config.ru:25:in `require'
	from config.ru:25:in `block in <main>'
	from /usr/local/rvm/gems/ruby-2.1.0/gems/rack-1.4.7/lib/rack/builder.rb:51:in `instance_eval'
	from /usr/local/rvm/gems/ruby-2.1.0/gems/rack-1.4.7/lib/rack/builder.rb:51:in `initialize'
	from config.ru:1:in `new'
	from config.ru:1:in `<main>'
	from /usr/local/rvm/gems/ruby-2.1.0/gems/unicorn-4.9.0/lib/unicorn.rb:48:in `eval'
	from /usr/local/rvm/gems/ruby-2.1.0/gems/unicorn-4.9.0/lib/unicorn.rb:48:in `block in builder'
	from /usr/local/rvm/gems/ruby-2.1.0/gems/unicorn-4.9.0/bin/unicorn_rails:139:in `call'
	from /usr/local/rvm/gems/ruby-2.1.0/gems/unicorn-4.9.0/bin/unicorn_rails:139:in `block in rails_builder'
	from /usr/local/rvm/gems/ruby-2.1.0/gems/unicorn-4.9.0/lib/unicorn/http_server.rb:768:in `call'
	from /usr/local/rvm/gems/ruby-2.1.0/gems/unicorn-4.9.0/lib/unicorn/http_server.rb:768:in `build_app!'
	from /usr/local/rvm/gems/ruby-2.1.0/gems/unicorn-4.9.0/lib/unicorn/http_server.rb:137:in `start'
	from /usr/local/rvm/gems/ruby-2.1.0/gems/unicorn-4.9.0/bin/unicorn_rails:209:in `<top (required)>'
	from /usr/local/rvm/gems/ruby-2.1.0/bin/unicorn_rails:23:in `load'
	from /usr/local/rvm/gems/ruby-2.1.0/bin/unicorn_rails:23:in `<main>'
	from /usr/local/rvm/gems/ruby-2.1.0/bin/ruby_executable_hooks:15:in `eval'
	from /usr/local/rvm/gems/ruby-2.1.0/bin/ruby_executable_hooks:15:in `<main>'
I, [2015-10-29T00:45:07.660730 #30492]  INFO -- : Refreshing Gem list
/usr/local/rvm/gems/ruby-2.1.0/gems/moped-1.5.3/lib/moped/cluster.rb:270:in `with_secondary': Could not connect to any secondary or primary nodes for replica set <Moped::Cluster nodes=[<Moped::Node resolved_address="134.213.27.142:20001">]> (Moped::Errors::ConnectionFailure)
	from /usr/local/rvm/gems/ruby-2.1.0/gems/moped-1.5.3/lib/moped/cluster.rb:268:in `with_secondary'
	from /usr/local/rvm/gems/ruby-2.1.0/gems/moped-1.5.3/lib/moped/cluster.rb:268:in `with_secondary'
	from /usr/local/rvm/gems/ruby-2.1.0/gems/moped-1.5.3/lib/moped/cluster.rb:268:in `with_secondary'
	from /usr/local/rvm/gems/ruby-2.1.0/gems/moped-1.5.3/lib/moped/cluster.rb:268:in `with_secondary'
	from /usr/local/rvm/gems/ruby-2.1.0/gems/moped-1.5.3/lib/moped/cluster.rb:268:in `with_secondary'
	from /usr/local/rvm/gems/ruby-2.1.0/gems/moped-1.5.3/lib/moped/cluster.rb:268:in `with_secondary'
	from /usr/local/rvm/gems/ruby-2.1.0/gems/moped-1.5.3/lib/moped/cluster.rb:268:in `with_secondary'
	from /usr/local/rvm/gems/ruby-2.1.0/gems/moped-1.5.3/lib/moped/cluster.rb:268:in `with_secondary'
	from /usr/local/rvm/gems/ruby-2.1.0/gems/moped-1.5.3/lib/moped/cluster.rb:268:in `with_secondary'
	from /usr/local/rvm/gems/ruby-2.1.0/gems/moped-1.5.3/lib/moped/cluster.rb:268:in `with_secondary'
	from /usr/local/rvm/gems/ruby-2.1.0/gems/moped-1.5.3/lib/moped/cluster.rb:268:in `with_secondary'
	from /usr/local/rvm/gems/ruby-2.1.0/gems/moped-1.5.3/lib/moped/cluster.rb:268:in `with_secondary'
	from /usr/local/rvm/gems/ruby-2.1.0/gems/moped-1.5.3/lib/moped/cluster.rb:268:in `with_secondary'
	from /usr/local/rvm/gems/ruby-2.1.0/gems/moped-1.5.3/lib/moped/cluster.rb:268:in `with_secondary'
	from /usr/local/rvm/gems/ruby-2.1.0/gems/moped-1.5.3/lib/moped/cluster.rb:268:in `with_secondary'
	from /usr/local/rvm/gems/ruby-2.1.0/gems/moped-1.5.3/lib/moped/cluster.rb:268:in `with_secondary'
	from /usr/local/rvm/gems/ruby-2.1.0/gems/moped-1.5.3/lib/moped/cluster.rb:268:in `with_secondary'
	from /usr/local/rvm/gems/ruby-2.1.0/gems/moped-1.5.3/lib/moped/cluster.rb:268:in `with_secondary'
	from /usr/local/rvm/gems/ruby-2.1.0/gems/moped-1.5.3/lib/moped/cluster.rb:268:in `with_secondary'
	from /usr/local/rvm/gems/ruby-2.1.0/gems/moped-1.5.3/lib/moped/cluster.rb:268:in `with_secondary'
	from /usr/local/rvm/gems/ruby-2.1.0/gems/moped-1.5.3/lib/moped/session/context.rb:104:in `with_node'
	from /usr/local/rvm/gems/ruby-2.1.0/gems/moped-1.5.3/lib/moped/cursor.rb:137:in `load_docs'
	from /usr/local/rvm/gems/ruby-2.1.0/gems/moped-1.5.3/lib/moped/cursor.rb:25:in `each'
	from /usr/local/rvm/gems/ruby-2.1.0/gems/moped-1.5.3/lib/moped/query.rb:76:in `each'
	from /usr/local/rvm/gems/ruby-2.1.0/gems/moped-1.5.3/lib/moped/query.rb:76:in `each'
	from /usr/local/rvm/gems/ruby-2.1.0/gems/mongoid-3.1.7/lib/mongoid/contextual/mongo.rb:122:in `block in each'
	from /usr/local/rvm/gems/ruby-2.1.0/gems/mongoid-3.1.7/lib/mongoid/contextual/mongo.rb:619:in `selecting'
	from /usr/local/rvm/gems/ruby-2.1.0/gems/mongoid-3.1.7/lib/mongoid/contextual/mongo.rb:121:in `each'
	from /usr/local/rvm/gems/ruby-2.1.0/gems/mongoid-3.1.7/lib/mongoid/contextual.rb:19:in `each'
	from /opt/aptual/actual/lib/app/rolefy/documents.rb:5:in `<module:Documents>'
	from /opt/aptual/actual/lib/app/rolefy/documents.rb:4:in `<module:Rolefy>'
	from /opt/aptual/actual/lib/app/rolefy/documents.rb:2:in `<module:App>'
	from /opt/aptual/actual/lib/app/rolefy/documents.rb:1:in `<top (required)>'
	from /usr/local/rvm/gems/ruby-2.1.0/gems/activesupport-3.2.14/lib/active_support/dependencies.rb:251:in `require'
	from /usr/local/rvm/gems/ruby-2.1.0/gems/activesupport-3.2.14/lib/active_support/dependencies.rb:251:in `block in require'
	from /usr/local/rvm/gems/ruby-2.1.0/gems/activesupport-3.2.14/lib/active_support/dependencies.rb:236:in `load_dependency'
	from /usr/local/rvm/gems/ruby-2.1.0/gems/activesupport-3.2.14/lib/active_support/dependencies.rb:251:in `require'
	from /opt/aptual/actual/config/initializers/injection.rb:6:in `<top (required)>'
	from /usr/local/rvm/gems/ruby-2.1.0/gems/activesupport-3.2.14/lib/active_support/dependencies.rb:245:in `load'
	from /usr/local/rvm/gems/ruby-2.1.0/gems/activesupport-3.2.14/lib/active_support/dependencies.rb:245:in `block in load'
	from /usr/local/rvm/gems/ruby-2.1.0/gems/activesupport-3.2.14/lib/active_support/dependencies.rb:236:in `load_dependency'
	from /usr/local/rvm/gems/ruby-2.1.0/gems/activesupport-3.2.14/lib/active_support/dependencies.rb:245:in `load'
	from /usr/local/rvm/gems/ruby-2.1.0/gems/railties-3.2.14/lib/rails/engine.rb:593:in `block (2 levels) in <class:Engine>'
	from /usr/local/rvm/gems/ruby-2.1.0/gems/railties-3.2.14/lib/rails/engine.rb:592:in `each'
	from /usr/local/rvm/gems/ruby-2.1.0/gems/railties-3.2.14/lib/rails/engine.rb:592:in `block in <class:Engine>'
	from /usr/local/rvm/gems/ruby-2.1.0/gems/railties-3.2.14/lib/rails/initializable.rb:30:in `instance_exec'
	from /usr/local/rvm/gems/ruby-2.1.0/gems/railties-3.2.14/lib/rails/initializable.rb:30:in `run'
	from /usr/local/rvm/gems/ruby-2.1.0/gems/railties-3.2.14/lib/rails/initializable.rb:55:in `block in run_initializers'
	from /usr/local/rvm/gems/ruby-2.1.0/gems/railties-3.2.14/lib/rails/initializable.rb:54:in `each'
	from /usr/local/rvm/gems/ruby-2.1.0/gems/railties-3.2.14/lib/rails/initializable.rb:54:in `run_initializers'
	from /usr/local/rvm/gems/ruby-2.1.0/gems/railties-3.2.14/lib/rails/application.rb:136:in `initialize!'
	from /usr/local/rvm/gems/ruby-2.1.0/gems/railties-3.2.14/lib/rails/railtie/configurable.rb:30:in `method_missing'
	from /opt/aptual/actual/config/environment.rb:5:in `<top (required)>'
	from config.ru:25:in `require'
	from config.ru:25:in `block in <main>'
	from /usr/local/rvm/gems/ruby-2.1.0/gems/rack-1.4.7/lib/rack/builder.rb:51:in `instance_eval'
	from /usr/local/rvm/gems/ruby-2.1.0/gems/rack-1.4.7/lib/rack/builder.rb:51:in `initialize'
	from config.ru:1:in `new'
	from config.ru:1:in `<main>'
	from /usr/local/rvm/gems/ruby-2.1.0/gems/unicorn-4.9.0/lib/unicorn.rb:48:in `eval'
	from /usr/local/rvm/gems/ruby-2.1.0/gems/unicorn-4.9.0/lib/unicorn.rb:48:in `block in builder'
	from /usr/local/rvm/gems/ruby-2.1.0/gems/unicorn-4.9.0/bin/unicorn_rails:139:in `call'
	from /usr/local/rvm/gems/ruby-2.1.0/gems/unicorn-4.9.0/bin/unicorn_rails:139:in `block in rails_builder'
	from /usr/local/rvm/gems/ruby-2.1.0/gems/unicorn-4.9.0/lib/unicorn/http_server.rb:768:in `call'
	from /usr/local/rvm/gems/ruby-2.1.0/gems/unicorn-4.9.0/lib/unicorn/http_server.rb:768:in `build_app!'
	from /usr/local/rvm/gems/ruby-2.1.0/gems/unicorn-4.9.0/lib/unicorn/http_server.rb:137:in `start'
	from /usr/local/rvm/gems/ruby-2.1.0/gems/unicorn-4.9.0/bin/unicorn_rails:209:in `<top (required)>'
	from /usr/local/rvm/gems/ruby-2.1.0/bin/unicorn_rails:23:in `load'
	from /usr/local/rvm/gems/ruby-2.1.0/bin/unicorn_rails:23:in `<main>'
	from /usr/local/rvm/gems/ruby-2.1.0/bin/ruby_executable_hooks:15:in `eval'
	from /usr/local/rvm/gems/ruby-2.1.0/bin/ruby_executable_hooks:15:in `<main>'
Exception `Errno::ESRCH' at /usr/local/rvm/gems/ruby-2.1.0/gems/unicorn-4.9.0/lib/unicorn/http_server.rb:731 - No such process
I, [2015-10-29T00:46:07.523018 #30569]  INFO -- : Refreshing Gem list
Exception `NameError' at /usr/local/rvm/rubies/ruby-2.1.0/lib/ruby/2.1.0/psych/core_ext.rb:16 - method `to_yaml' not defined in Object
Exception `NameError' at /usr/local/rvm/rubies/ruby-2.1.0/lib/ruby/2.1.0/psych/core_ext.rb:29 - method `yaml_as' not defined in Module
Exception `NameError' at /usr/local/rvm/rubies/ruby-2.1.0/lib/ruby/2.1.0/psych/deprecated.rb:81 - undefined method `to_yaml_properties' for class `Object'
Using Ext extension for JSON.
Exception `LoadError' at /usr/local/rvm/gems/ruby-2.1.0/gems/activesupport-3.2.14/lib/active_support/core_ext/string/xchar.rb:4 - cannot load such file -- fast_xs
Exception `LoadError' at /usr/local/rvm/gems/ruby-2.1.0@global/gems/bundler-1.10.6/lib/bundler/runtime.rb:76 - cannot load such file -- resque-scheduler
Exception `LoadError' at /usr/local/rvm/gems/ruby-2.1.0@global/gems/bundler-1.10.6/lib/bundler/runtime.rb:76 - cannot load such file -- unicorn-worker-killer
Exception `LoadError' at /usr/local/rvm/gems/ruby-2.1.0@global/gems/bundler-1.10.6/lib/bundler/runtime.rb:85 - cannot load such file -- unicorn/worker/killer
Type application/vnd.ms-fontobject already registered as a variant of application/vnd.ms-fontobject.
Type application/vnd.ms-word.document.macroEnabled.12 already registered as a variant of application/vnd.ms-word.document.macroenabled.12.
Type application/vnd.ms-word.template.macroEnabled.12 already registered as a variant of application/vnd.ms-word.template.macroenabled.12.
Type multipart/x-parallel already registered as a variant of multipart/parallel.
Type text/plain already registered as a variant of text/plain.
Type video/vnd.dlna.mpeg-tts already registered as a variant of video/vnd.dlna.mpeg-tts.
Exception `Mongoid::Errors::InvalidField' at /usr/local/rvm/gems/ruby-2.1.0/gems/mongoid-3.1.7/lib/mongoid/fields/validators/macro.rb:55 - 
Problem:
  Defining a field named 'metadata' is not allowed.
Summary:
  Defining this field would override the method 'metadata', which would cause issues with expectations around the original method and cause extremely hard to debug issues. The original method was defined in:
   Object: Mongoid::Relations
   File: /usr/local/rvm/gems/ruby-2.1.0/gems/mongoid-3.1.7/lib/mongoid/relations.rb
   Line: 49
Resolution:
  Use Mongoid.destructive_fields to see what names are not allowed, and don't use these names. These include names that also conflict with core Ruby methods on Object, Module, Enumerable, or included gems that inject methods into these or Mongoid internals.
Exception `LoadError' at /usr/local/rvm/gems/ruby-2.1.0/gems/activesupport-3.2.14/lib/active_support/dependencies.rb:251 - cannot load such file -- fog
Exception `LoadError' at /usr/local/rvm/gems/ruby-2.1.0/gems/activesupport-3.2.14/lib/active_support/dependencies.rb:240 - cannot load such file -- fog
Exception `NameError' at /usr/local/rvm/gems/ruby-2.1.0/gems/activesupport-3.2.14/lib/active_support/core_ext/module/remove_method.rb:4 - method `middleware_stack' not defined in Class
Exception `NameError' at /usr/local/rvm/gems/ruby-2.1.0/gems/activesupport-3.2.14/lib/active_support/core_ext/module/remove_method.rb:4 - method `expansions' not defined in Class
Exception `NameError' at /usr/local/rvm/gems/ruby-2.1.0/gems/activesupport-3.2.14/lib/active_support/core_ext/module/remove_method.rb:4 - method `expansions' not defined in Class
Exception `NameError' at /usr/local/rvm/gems/ruby-2.1.0/gems/activesupport-3.2.14/lib/active_support/core_ext/module/remove_method.rb:4 - method `_layout_conditions' not defined in ActionController::Base
Exception `NameError' at /usr/local/rvm/gems/ruby-2.1.0/gems/activesupport-3.2.14/lib/active_support/core_ext/module/remove_method.rb:4 - method `_layout' not defined in ActionController::Base
Exception `LoadError' at /usr/local/rvm/gems/ruby-2.1.0/gems/activesupport-3.2.14/lib/active_support/dependencies.rb:251 - cannot load such file -- typhoeus
Exception `LoadError' at /usr/local/rvm/gems/ruby-2.1.0/gems/activesupport-3.2.14/lib/active_support/dependencies.rb:240 - cannot load such file -- typhoeus
Exception `LoadError' at /usr/local/rvm/gems/ruby-2.1.0/gems/activesupport-3.2.14/lib/active_support/dependencies.rb:251 - cannot load such file -- typhoeus
Exception `LoadError' at /usr/local/rvm/gems/ruby-2.1.0/gems/activesupport-3.2.14/lib/active_support/dependencies.rb:240 - cannot load such file -- typhoeus
Exception `LoadError' at /usr/local/rvm/gems/ruby-2.1.0/gems/activesupport-3.2.14/lib/active_support/dependencies.rb:251 - cannot load such file -- idn
Exception `LoadError' at /usr/local/rvm/gems/ruby-2.1.0/gems/activesupport-3.2.14/lib/active_support/dependencies.rb:240 - cannot load such file -- idn
Exception `LoadError' at /usr/local/rvm/gems/ruby-2.1.0/gems/activesupport-3.2.14/lib/active_support/dependencies.rb:240 - cannot load such file -- idn
Exception `LoadError' at /usr/local/rvm/gems/ruby-2.1.0/gems/activesupport-3.2.14/lib/active_support/dependencies.rb:251 - cannot load such file -- nokogiri/2.1/nokogiri
Exception `LoadError' at /usr/local/rvm/gems/ruby-2.1.0/gems/activesupport-3.2.14/lib/active_support/dependencies.rb:240 - cannot load such file -- nokogiri/2.1/nokogiri
Exception `LoadError' at /usr/local/rvm/gems/ruby-2.1.0/gems/activesupport-3.2.14/lib/active_support/dependencies.rb:251 - cannot load such file -- geohash
Exception `LoadError' at /usr/local/rvm/gems/ruby-2.1.0/gems/activesupport-3.2.14/lib/active_support/dependencies.rb:240 - cannot load such file -- geohash
Exception `LoadError' at /usr/local/rvm/gems/ruby-2.1.0/gems/activesupport-3.2.14/lib/active_support/dependencies.rb:251 - cannot load such file -- geohash
Exception `LoadError' at /usr/local/rvm/gems/ruby-2.1.0/gems/activesupport-3.2.14/lib/active_support/dependencies.rb:240 - cannot load such file -- geohash
Exception `LoadError' at /usr/local/rvm/gems/ruby-2.1.0@global/gems/bundler-1.10.6/lib/bundler/runtime.rb:76 - cannot load such file -- wkhtmltopdf-binary
Exception `LoadError' at /usr/local/rvm/gems/ruby-2.1.0@global/gems/bundler-1.10.6/lib/bundler/runtime.rb:85 - cannot load such file -- wkhtmltopdf/binary
Exception `LoadError' at /usr/local/rvm/gems/ruby-2.1.0@global/gems/bundler-1.10.6/lib/bundler/runtime.rb:76 - cannot load such file -- zip-zip
Exception `LoadError' at /usr/local/rvm/gems/ruby-2.1.0/gems/activesupport-3.2.14/lib/active_support/dependencies.rb:251 - cannot load such file -- soap/wsdlDriver
Exception `LoadError' at /usr/local/rvm/gems/ruby-2.1.0/gems/activesupport-3.2.14/lib/active_support/dependencies.rb:240 - cannot load such file -- soap/wsdlDriver
Exception `NameError' at /usr/local/rvm/gems/ruby-2.1.0/gems/geocoder-1.2.11/lib/geocoder/results/test.rb:9 - method `latitude' not defined in Geocoder::Result::Test
Exception `NameError' at /usr/local/rvm/gems/ruby-2.1.0/gems/geocoder-1.2.11/lib/geocoder/results/test.rb:9 - method `longitude' not defined in Geocoder::Result::Test
Exception `NameError' at /usr/local/rvm/gems/ruby-2.1.0/gems/geocoder-1.2.11/lib/geocoder/results/test.rb:9 - method `state' not defined in Geocoder::Result::Test
Exception `NameError' at /usr/local/rvm/gems/ruby-2.1.0/gems/geocoder-1.2.11/lib/geocoder/results/test.rb:9 - method `state_code' not defined in Geocoder::Result::Test
Exception `NameError' at /usr/local/rvm/gems/ruby-2.1.0/gems/geocoder-1.2.11/lib/geocoder/results/test.rb:9 - method `province' not defined in Geocoder::Result::Test
Exception `NameError' at /usr/local/rvm/gems/ruby-2.1.0/gems/geocoder-1.2.11/lib/geocoder/results/test.rb:9 - method `province_code' not defined in Geocoder::Result::Test
Exception `NameError' at /usr/local/rvm/gems/ruby-2.1.0/gems/geocoder-1.2.11/lib/geocoder/results/test.rb:9 - method `country' not defined in Geocoder::Result::Test
Exception `NameError' at /usr/local/rvm/gems/ruby-2.1.0/gems/geocoder-1.2.11/lib/geocoder/results/test.rb:9 - method `country_code' not defined in Geocoder::Result::Test
Exception `NameError' at /usr/local/rvm/gems/ruby-2.1.0/gems/geocoder-1.2.11/lib/geocoder/results/test.rb:9 - method `address' not defined in Geocoder::Result::Test
Exception `LoadError' at /usr/local/rvm/gems/ruby-2.1.0/gems/activesupport-3.2.14/lib/active_support/dependencies.rb:251 - cannot load such file -- msgpack
Exception `LoadError' at /usr/local/rvm/gems/ruby-2.1.0/gems/activesupport-3.2.14/lib/active_support/dependencies.rb:240 - cannot load such file -- msgpack
Exception `LoadError' at /usr/local/rvm/gems/ruby-2.1.0/gems/activesupport-3.2.14/lib/active_support/dependencies.rb:251 - cannot load such file -- bson
Exception `LoadError' at /usr/local/rvm/gems/ruby-2.1.0/gems/activesupport-3.2.14/lib/active_support/dependencies.rb:240 - cannot load such file -- bson
Exception `LoadError' at /usr/local/rvm/gems/ruby-2.1.0/gems/activesupport-3.2.14/lib/active_support/dependencies.rb:251 - cannot load such file -- plist
Exception `LoadError' at /usr/local/rvm/gems/ruby-2.1.0/gems/activesupport-3.2.14/lib/active_support/dependencies.rb:240 - cannot load such file -- plist
Exception `LoadError' at /usr/local/rvm/gems/ruby-2.1.0@global/gems/bundler-1.10.6/lib/bundler/runtime.rb:76 - cannot load such file -- test_helper
Exception `TypeError' at /usr/local/rvm/rubies/ruby-2.1.0/lib/ruby/2.1.0/uri/common.rb:571 - can't clone Fixnum
Exception `TypeError' at /usr/local/rvm/rubies/ruby-2.1.0/lib/ruby/2.1.0/uri/common.rb:571 - can't clone NilClass
Exception `LoadError' at /usr/local/rvm/gems/ruby-2.1.0/gems/activesupport-3.2.14/lib/active_support/dependencies.rb:251 - cannot load such file -- data_mapper
Exception `LoadError' at /usr/local/rvm/gems/ruby-2.1.0/gems/activesupport-3.2.14/lib/active_support/dependencies.rb:240 - cannot load such file -- data_mapper
Exception `NameError' at /usr/local/rvm/gems/ruby-2.1.0/gems/activesupport-3.2.14/lib/active_support/dependencies.rb:520 - uninitialized constant MiniTest
Exception `NameError' at /usr/local/rvm/gems/ruby-2.1.0/gems/activesupport-3.2.14/lib/active_support/dependencies.rb:202 - uninitialized constant MiniTest
Exception `NameError' at /usr/local/rvm/gems/ruby-2.1.0/gems/activesupport-3.2.14/lib/active_support/dependencies.rb:520 - uninitialized constant ActiveSupport::MiniTest
Exception `NameError' at /usr/local/rvm/gems/ruby-2.1.0/gems/activesupport-3.2.14/lib/active_support/dependencies.rb:202 - uninitialized constant ActiveSupport::MiniTest
Exception `NameError' at /usr/local/rvm/gems/ruby-2.1.0/gems/activesupport-3.2.14/lib/active_support/dependencies.rb:520 - uninitialized constant ActiveSupport::Testing::MiniTest
Exception `NameError' at /usr/local/rvm/gems/ruby-2.1.0/gems/activesupport-3.2.14/lib/active_support/dependencies.rb:520 - uninitialized constant MiniTest
Exception `NameError' at /usr/local/rvm/gems/ruby-2.1.0/gems/activesupport-3.2.14/lib/active_support/dependencies.rb:202 - uninitialized constant MiniTest
Exception `NameError' at /usr/local/rvm/gems/ruby-2.1.0/gems/activesupport-3.2.14/lib/active_support/dependencies.rb:520 - uninitialized constant ActiveSupport::MiniTest
Exception `NameError' at /usr/local/rvm/gems/ruby-2.1.0/gems/activesupport-3.2.14/lib/active_support/dependencies.rb:202 - uninitialized constant ActiveSupport::Testing::MiniTest
Exception `NameError' at /usr/local/rvm/gems/ruby-2.1.0/gems/activesupport-3.2.14/lib/active_support/dependencies.rb:520 - uninitialized constant ActiveSupport::Testing::SetupAndTeardown::MiniTest
Exception `NameError' at /usr/local/rvm/gems/ruby-2.1.0/gems/activesupport-3.2.14/lib/active_support/dependencies.rb:520 - uninitialized constant MiniTest
Exception `NameError' at /usr/local/rvm/gems/ruby-2.1.0/gems/activesupport-3.2.14/lib/active_support/dependencies.rb:202 - uninitialized constant MiniTest
Exception `NameError' at /usr/local/rvm/gems/ruby-2.1.0/gems/activesupport-3.2.14/lib/active_support/dependencies.rb:520 - uninitialized constant ActiveSupport::MiniTest
Exception `NameError' at /usr/local/rvm/gems/ruby-2.1.0/gems/activesupport-3.2.14/lib/active_support/dependencies.rb:202 - uninitialized constant ActiveSupport::MiniTest
Exception `NameError' at /usr/local/rvm/gems/ruby-2.1.0/gems/activesupport-3.2.14/lib/active_support/dependencies.rb:520 - uninitialized constant ActiveSupport::Testing::MiniTest
Exception `NameError' at /usr/local/rvm/gems/ruby-2.1.0/gems/activesupport-3.2.14/lib/active_support/dependencies.rb:520 - uninitialized constant MiniTest
Exception `NameError' at /usr/local/rvm/gems/ruby-2.1.0/gems/activesupport-3.2.14/lib/active_support/dependencies.rb:202 - uninitialized constant MiniTest
Exception `NameError' at /usr/local/rvm/gems/ruby-2.1.0/gems/activesupport-3.2.14/lib/active_support/dependencies.rb:520 - uninitialized constant ActiveSupport::MiniTest
Exception `NameError' at /usr/local/rvm/gems/ruby-2.1.0/gems/activesupport-3.2.14/lib/active_support/dependencies.rb:202 - uninitialized constant ActiveSupport::Testing::SetupAndTeardown::MiniTest
Exception `NameError' at /usr/local/rvm/gems/ruby-2.1.0/gems/activesupport-3.2.14/lib/active_support/dependencies.rb:520 - uninitialized constant ActiveSupport::Testing::SetupAndTeardown::ForMiniTest::MiniTest
Exception `NameError' at /usr/local/rvm/gems/ruby-2.1.0/gems/activesupport-3.2.14/lib/active_support/dependencies.rb:520 - uninitialized constant MiniTest
Exception `NameError' at /usr/local/rvm/gems/ruby-2.1.0/gems/activesupport-3.2.14/lib/active_support/dependencies.rb:202 - uninitialized constant MiniTest
Exception `NameError' at /usr/local/rvm/gems/ruby-2.1.0/gems/activesupport-3.2.14/lib/active_support/dependencies.rb:520 - uninitialized constant ActiveSupport::MiniTest
Exception `NameError' at /usr/local/rvm/gems/ruby-2.1.0/gems/activesupport-3.2.14/lib/active_support/dependencies.rb:202 - uninitialized constant ActiveSupport::MiniTest
Exception `NameError' at /usr/local/rvm/gems/ruby-2.1.0/gems/activesupport-3.2.14/lib/active_support/dependencies.rb:520 - uninitialized constant ActiveSupport::Testing::MiniTest
Exception `NameError' at /usr/local/rvm/gems/ruby-2.1.0/gems/activesupport-3.2.14/lib/active_support/dependencies.rb:520 - uninitialized constant MiniTest
Exception `NameError' at /usr/local/rvm/gems/ruby-2.1.0/gems/activesupport-3.2.14/lib/active_support/dependencies.rb:202 - uninitialized constant MiniTest
Exception `NameError' at /usr/local/rvm/gems/ruby-2.1.0/gems/activesupport-3.2.14/lib/active_support/dependencies.rb:520 - uninitialized constant ActiveSupport::MiniTest
Exception `NameError' at /usr/local/rvm/gems/ruby-2.1.0/gems/activesupport-3.2.14/lib/active_support/dependencies.rb:202 - uninitialized constant ActiveSupport::Testing::MiniTest
Exception `NameError' at /usr/local/rvm/gems/ruby-2.1.0/gems/activesupport-3.2.14/lib/active_support/dependencies.rb:520 - uninitialized constant ActiveSupport::Testing::SetupAndTeardown::MiniTest
Exception `NameError' at /usr/local/rvm/gems/ruby-2.1.0/gems/activesupport-3.2.14/lib/active_support/dependencies.rb:520 - uninitialized constant MiniTest
Exception `NameError' at /usr/local/rvm/gems/ruby-2.1.0/gems/activesupport-3.2.14/lib/active_support/dependencies.rb:202 - uninitialized constant MiniTest
Exception `NameError' at /usr/local/rvm/gems/ruby-2.1.0/gems/activesupport-3.2.14/lib/active_support/dependencies.rb:520 - uninitialized constant ActiveSupport::MiniTest
Exception `NameError' at /usr/local/rvm/gems/ruby-2.1.0/gems/activesupport-3.2.14/lib/active_support/dependencies.rb:202 - uninitialized constant ActiveSupport::MiniTest
Exception `NameError' at /usr/local/rvm/gems/ruby-2.1.0/gems/activesupport-3.2.14/lib/active_support/dependencies.rb:520 - uninitialized constant ActiveSupport::Testing::MiniTest
Exception `NameError' at /usr/local/rvm/gems/ruby-2.1.0/gems/activesupport-3.2.14/lib/active_support/dependencies.rb:520 - uninitialized constant MiniTest
Exception `NameError' at /usr/local/rvm/gems/ruby-2.1.0/gems/activesupport-3.2.14/lib/active_support/dependencies.rb:202 - uninitialized constant MiniTest
Exception `NameError' at /usr/local/rvm/gems/ruby-2.1.0/gems/activesupport-3.2.14/lib/active_support/dependencies.rb:520 - uninitialized constant ActiveSupport::MiniTest
Exception `NameError' at /usr/local/rvm/gems/ruby-2.1.0/gems/activesupport-3.2.14/lib/active_support/dependencies.rb:202 - uninitialized constant ActiveSupport::Testing::SetupAndTeardown::ForMiniTest::MiniTest
Exception `NameError' at /usr/local/rvm/gems/ruby-2.1.0/gems/activesupport-3.2.14/lib/active_support/dependencies.rb:520 - uninitialized constant PASSTHROUGH_EXCEPTIONS
Exception `NameError' at /usr/local/rvm/gems/ruby-2.1.0/gems/activesupport-3.2.14/lib/active_support/dependencies.rb:202 - uninitialized constant PASSTHROUGH_EXCEPTIONS
Exception `NameError' at /usr/local/rvm/gems/ruby-2.1.0/gems/activesupport-3.2.14/lib/active_support/dependencies.rb:520 - uninitialized constant Test::PASSTHROUGH_EXCEPTIONS
Exception `NameError' at /usr/local/rvm/gems/ruby-2.1.0/gems/activesupport-3.2.14/lib/active_support/dependencies.rb:202 - uninitialized constant Test::PASSTHROUGH_EXCEPTIONS
Exception `NameError' at /usr/local/rvm/gems/ruby-2.1.0/gems/activesupport-3.2.14/lib/active_support/dependencies.rb:520 - uninitialized constant Test::Unit::PASSTHROUGH_EXCEPTIONS
Exception `NameError' at /usr/local/rvm/gems/ruby-2.1.0/gems/activesupport-3.2.14/lib/active_support/dependencies.rb:520 - uninitialized constant PASSTHROUGH_EXCEPTIONS
Exception `NameError' at /usr/local/rvm/gems/ruby-2.1.0/gems/activesupport-3.2.14/lib/active_support/dependencies.rb:202 - uninitialized constant PASSTHROUGH_EXCEPTIONS
Exception `NameError' at /usr/local/rvm/gems/ruby-2.1.0/gems/activesupport-3.2.14/lib/active_support/dependencies.rb:520 - uninitialized constant Test::PASSTHROUGH_EXCEPTIONS
Exception `NameError' at /usr/local/rvm/gems/ruby-2.1.0/gems/activesupport-3.2.14/lib/active_support/dependencies.rb:202 - uninitialized constant Test::Unit::PASSTHROUGH_EXCEPTIONS
Exception `NameError' at /usr/local/rvm/gems/ruby-2.1.0/gems/activesupport-3.2.14/lib/active_support/dependencies.rb:520 - uninitialized constant Test::Unit::TestCase::PASSTHROUGH_EXCEPTIONS
Exception `NameError' at /usr/local/rvm/gems/ruby-2.1.0/gems/activesupport-3.2.14/lib/active_support/dependencies.rb:520 - uninitialized constant PASSTHROUGH_EXCEPTIONS
Exception `NameError' at /usr/local/rvm/gems/ruby-2.1.0/gems/activesupport-3.2.14/lib/active_support/dependencies.rb:202 - uninitialized constant PASSTHROUGH_EXCEPTIONS
Exception `NameError' at /usr/local/rvm/gems/ruby-2.1.0/gems/activesupport-3.2.14/lib/active_support/dependencies.rb:520 - uninitialized constant Test::PASSTHROUGH_EXCEPTIONS
Exception `NameError' at /usr/local/rvm/gems/ruby-2.1.0/gems/activesupport-3.2.14/lib/active_support/dependencies.rb:202 - uninitialized constant Test::PASSTHROUGH_EXCEPTIONS
Exception `NameError' at /usr/local/rvm/gems/ruby-2.1.0/gems/activesupport-3.2.14/lib/active_support/dependencies.rb:520 - uninitialized constant Test::Unit::PASSTHROUGH_EXCEPTIONS
Exception `NameError' at /usr/local/rvm/gems/ruby-2.1.0/gems/activesupport-3.2.14/lib/active_support/dependencies.rb:520 - uninitialized constant PASSTHROUGH_EXCEPTIONS
Exception `NameError' at /usr/local/rvm/gems/ruby-2.1.0/gems/activesupport-3.2.14/lib/active_support/dependencies.rb:202 - uninitialized constant PASSTHROUGH_EXCEPTIONS
Exception `NameError' at /usr/local/rvm/gems/ruby-2.1.0/gems/activesupport-3.2.14/lib/active_support/dependencies.rb:520 - uninitialized constant Test::PASSTHROUGH_EXCEPTIONS
Exception `NameError' at /usr/local/rvm/gems/ruby-2.1.0/gems/activesupport-3.2.14/lib/active_support/dependencies.rb:202 - uninitialized constant Test::Unit::TestCase::PASSTHROUGH_EXCEPTIONS
Exception `LoadError' at /usr/local/rvm/gems/ruby-2.1.0/gems/activesupport-3.2.14/lib/active_support/dependencies.rb:251 - cannot load such file -- mocha/setup
Exception `LoadError' at /usr/local/rvm/gems/ruby-2.1.0/gems/activesupport-3.2.14/lib/active_support/dependencies.rb:240 - cannot load such file -- mocha/setup
Exception `NameError' at /usr/local/rvm/gems/ruby-2.1.0/gems/activesupport-3.2.14/lib/active_support/core_ext/module/remove_method.rb:4 - method `_setup_callbacks' not defined in Class
Exception `NameError' at /usr/local/rvm/gems/ruby-2.1.0/gems/activesupport-3.2.14/lib/active_support/core_ext/module/remove_method.rb:4 - method `_teardown_callbacks' not defined in Class
Exception `Errno::EHOSTUNREACH' at /usr/local/rvm/gems/ruby-2.1.0/gems/moped-1.5.3/lib/moped/sockets/tcp.rb:19 - No route to host - connect(2) for "134.213.27.142" port 20001
Exception `Moped::Errors::ConnectionFailure' at /usr/local/rvm/gems/ruby-2.1.0/gems/moped-1.5.3/lib/moped/sockets/connectable.rb:122 - 134.213.27.142:20001: Errno::EHOSTUNREACH (113): No route to host - connect(2) for "134.213.27.142" port 20001
Exception `NoMethodError' at /usr/local/rvm/gems/ruby-2.1.0/gems/moped-1.5.3/lib/moped/connection.rb:64 - undefined method `close' for nil:NilClass
Exception `Errno::EHOSTUNREACH' at /usr/local/rvm/gems/ruby-2.1.0/gems/moped-1.5.3/lib/moped/sockets/tcp.rb:19 - No route to host - connect(2) for "134.213.27.142" port 20001
Exception `Moped::Errors::ConnectionFailure' at /usr/local/rvm/gems/ruby-2.1.0/gems/moped-1.5.3/lib/moped/sockets/connectable.rb:122 - 134.213.27.142:20001: Errno::EHOSTUNREACH (113): No route to host - connect(2) for "134.213.27.142" port 20001
Exception `NoMethodError' at /usr/local/rvm/gems/ruby-2.1.0/gems/moped-1.5.3/lib/moped/connection.rb:64 - undefined method `close' for nil:NilClass
Exception `NoMethodError' at /usr/local/rvm/gems/ruby-2.1.0/gems/moped-1.5.3/lib/moped/connection.rb:64 - undefined method `close' for nil:NilClass
Exception `Moped::Errors::ConnectionFailure' at /usr/local/rvm/gems/ruby-2.1.0/gems/moped-1.5.3/lib/moped/node.rb:172 - 134.213.27.142:20001: Errno::EHOSTUNREACH (113): No route to host - connect(2) for "134.213.27.142" port 20001
Exception `Errno::EHOSTUNREACH' at /usr/local/rvm/gems/ruby-2.1.0/gems/moped-1.5.3/lib/moped/sockets/tcp.rb:19 - No route to host - connect(2) for "134.213.27.142" port 20001
Exception `Moped::Errors::ConnectionFailure' at /usr/local/rvm/gems/ruby-2.1.0/gems/moped-1.5.3/lib/moped/sockets/connectable.rb:122 - 134.213.27.142:20001: Errno::EHOSTUNREACH (113): No route to host - connect(2) for "134.213.27.142" port 20001
Exception `NoMethodError' at /usr/local/rvm/gems/ruby-2.1.0/gems/moped-1.5.3/lib/moped/connection.rb:64 - undefined method `close' for nil:NilClass
Exception `Errno::EHOSTUNREACH' at /usr/local/rvm/gems/ruby-2.1.0/gems/moped-1.5.3/lib/moped/sockets/tcp.rb:19 - No route to host - connect(2) for "134.213.27.142" port 20001
Exception `Moped::Errors::ConnectionFailure' at /usr/local/rvm/gems/ruby-2.1.0/gems/moped-1.5.3/lib/moped/sockets/connectable.rb:122 - 134.213.27.142:20001: Errno::EHOSTUNREACH (113): No route to host - connect(2) for "134.213.27.142" port 20001
Exception `NoMethodError' at /usr/local/rvm/gems/ruby-2.1.0/gems/moped-1.5.3/lib/moped/connection.rb:64 - undefined method `close' for nil:NilClass
Exception `NoMethodError' at /usr/local/rvm/gems/ruby-2.1.0/gems/moped-1.5.3/lib/moped/connection.rb:64 - undefined method `close' for nil:NilClass
Exception `Moped::Errors::ConnectionFailure' at /usr/local/rvm/gems/ruby-2.1.0/gems/moped-1.5.3/lib/moped/node.rb:172 - 134.213.27.142:20001: Errno::EHOSTUNREACH (113): No route to host - connect(2) for "134.213.27.142" port 20001
Exception `Errno::EHOSTUNREACH' at /usr/local/rvm/gems/ruby-2.1.0/gems/moped-1.5.3/lib/moped/sockets/tcp.rb:19 - No route to host - connect(2) for "134.213.27.142" port 20001
Exception `Moped::Errors::ConnectionFailure' at /usr/local/rvm/gems/ruby-2.1.0/gems/moped-1.5.3/lib/moped/sockets/connectable.rb:122 - 134.213.27.142:20001: Errno::EHOSTUNREACH (113): No route to host - connect(2) for "134.213.27.142" port 20001
Exception `NoMethodError' at /usr/local/rvm/gems/ruby-2.1.0/gems/moped-1.5.3/lib/moped/connection.rb:64 - undefined method `close' for nil:NilClass
Exception `Errno::EHOSTUNREACH' at /usr/local/rvm/gems/ruby-2.1.0/gems/moped-1.5.3/lib/moped/sockets/tcp.rb:19 - No route to host - connect(2) for "134.213.27.142" port 20001
Exception `Moped::Errors::ConnectionFailure' at /usr/local/rvm/gems/ruby-2.1.0/gems/moped-1.5.3/lib/moped/sockets/connectable.rb:122 - 134.213.27.142:20001: Errno::EHOSTUNREACH (113): No route to host - connect(2) for "134.213.27.142" port 20001
Exception `NoMethodError' at /usr/local/rvm/gems/ruby-2.1.0/gems/moped-1.5.3/lib/moped/connection.rb:64 - undefined method `close' for nil:NilClass
Exception `NoMethodError' at /usr/local/rvm/gems/ruby-2.1.0/gems/moped-1.5.3/lib/moped/connection.rb:64 - undefined method `close' for nil:NilClass
Exception `Moped::Errors::ConnectionFailure' at /usr/local/rvm/gems/ruby-2.1.0/gems/moped-1.5.3/lib/moped/node.rb:172 - 134.213.27.142:20001: Errno::EHOSTUNREACH (113): No route to host - connect(2) for "134.213.27.142" port 20001
Exception `Errno::EHOSTUNREACH' at /usr/local/rvm/gems/ruby-2.1.0/gems/moped-1.5.3/lib/moped/sockets/tcp.rb:19 - No route to host - connect(2) for "134.213.27.142" port 20001
Exception `Moped::Errors::ConnectionFailure' at /usr/local/rvm/gems/ruby-2.1.0/gems/moped-1.5.3/lib/moped/sockets/connectable.rb:122 - 134.213.27.142:20001: Errno::EHOSTUNREACH (113): No route to host - connect(2) for "134.213.27.142" port 20001
Exception `NoMethodError' at /usr/local/rvm/gems/ruby-2.1.0/gems/moped-1.5.3/lib/moped/connection.rb:64 - undefined method `close' for nil:NilClass
Exception `Errno::EHOSTUNREACH' at /usr/local/rvm/gems/ruby-2.1.0/gems/moped-1.5.3/lib/moped/sockets/tcp.rb:19 - No route to host - connect(2) for "134.213.27.142" port 20001
Exception `Moped::Errors::ConnectionFailure' at /usr/local/rvm/gems/ruby-2.1.0/gems/moped-1.5.3/lib/moped/sockets/connectable.rb:122 - 134.213.27.142:20001: Errno::EHOSTUNREACH (113): No route to host - connect(2) for "134.213.27.142" port 20001
Exception `NoMethodError' at /usr/local/rvm/gems/ruby-2.1.0/gems/moped-1.5.3/lib/moped/connection.rb:64 - undefined method `close' for nil:NilClass
Exception `NoMethodError' at /usr/local/rvm/gems/ruby-2.1.0/gems/moped-1.5.3/lib/moped/connection.rb:64 - undefined method `close' for nil:NilClass
Exception `Moped::Errors::ConnectionFailure' at /usr/local/rvm/gems/ruby-2.1.0/gems/moped-1.5.3/lib/moped/node.rb:172 - 134.213.27.142:20001: Errno::EHOSTUNREACH (113): No route to host - connect(2) for "134.213.27.142" port 20001
Exception `Errno::EHOSTUNREACH' at /usr/local/rvm/gems/ruby-2.1.0/gems/moped-1.5.3/lib/moped/sockets/tcp.rb:19 - No route to host - connect(2) for "134.213.27.142" port 20001
Exception `Moped::Errors::ConnectionFailure' at /usr/local/rvm/gems/ruby-2.1.0/gems/moped-1.5.3/lib/moped/sockets/connectable.rb:122 - 134.213.27.142:20001: Errno::EHOSTUNREACH (113): No route to host - connect(2) for "134.213.27.142" port 20001
Exception `NoMethodError' at /usr/local/rvm/gems/ruby-2.1.0/gems/moped-1.5.3/lib/moped/connection.rb:64 - undefined method `close' for nil:NilClass
Exception `Errno::EHOSTUNREACH' at /usr/local/rvm/gems/ruby-2.1.0/gems/moped-1.5.3/lib/moped/sockets/tcp.rb:19 - No route to host - connect(2) for "134.213.27.142" port 20001
Exception `Moped::Errors::ConnectionFailure' at /usr/local/rvm/gems/ruby-2.1.0/gems/moped-1.5.3/lib/moped/sockets/connectable.rb:122 - 134.213.27.142:20001: Errno::EHOSTUNREACH (113): No route to host - connect(2) for "134.213.27.142" port 20001
Exception `NoMethodError' at /usr/local/rvm/gems/ruby-2.1.0/gems/moped-1.5.3/lib/moped/connection.rb:64 - undefined method `close' for nil:NilClass
Exception `NoMethodError' at /usr/local/rvm/gems/ruby-2.1.0/gems/moped-1.5.3/lib/moped/connection.rb:64 - undefined method `close' for nil:NilClass
Exception `Moped::Errors::ConnectionFailure' at /usr/local/rvm/gems/ruby-2.1.0/gems/moped-1.5.3/lib/moped/node.rb:172 - 134.213.27.142:20001: Errno::EHOSTUNREACH (113): No route to host - connect(2) for "134.213.27.142" port 20001
Exception `Errno::EHOSTUNREACH' at /usr/local/rvm/gems/ruby-2.1.0/gems/moped-1.5.3/lib/moped/sockets/tcp.rb:19 - No route to host - connect(2) for "134.213.27.142" port 20001
Exception `Moped::Errors::ConnectionFailure' at /usr/local/rvm/gems/ruby-2.1.0/gems/moped-1.5.3/lib/moped/sockets/connectable.rb:122 - 134.213.27.142:20001: Errno::EHOSTUNREACH (113): No route to host - connect(2) for "134.213.27.142" port 20001
Exception `NoMethodError' at /usr/local/rvm/gems/ruby-2.1.0/gems/moped-1.5.3/lib/moped/connection.rb:64 - undefined method `close' for nil:NilClass
Exception `Errno::EHOSTUNREACH' at /usr/local/rvm/gems/ruby-2.1.0/gems/moped-1.5.3/lib/moped/sockets/tcp.rb:19 - No route to host - connect(2) for "134.213.27.142" port 20001
Exception `Moped::Errors::ConnectionFailure' at /usr/local/rvm/gems/ruby-2.1.0/gems/moped-1.5.3/lib/moped/sockets/connectable.rb:122 - 134.213.27.142:20001: Errno::EHOSTUNREACH (113): No route to host - connect(2) for "134.213.27.142" port 20001
Exception `NoMethodError' at /usr/local/rvm/gems/ruby-2.1.0/gems/moped-1.5.3/lib/moped/connection.rb:64 - undefined method `close' for nil:NilClass
Exception `NoMethodError' at /usr/local/rvm/gems/ruby-2.1.0/gems/moped-1.5.3/lib/moped/connection.rb:64 - undefined method `close' for nil:NilClass
Exception `Moped::Errors::ConnectionFailure' at /usr/local/rvm/gems/ruby-2.1.0/gems/moped-1.5.3/lib/moped/node.rb:172 - 134.213.27.142:20001: Errno::EHOSTUNREACH (113): No route to host - connect(2) for "134.213.27.142" port 20001
Exception `Errno::EHOSTUNREACH' at /usr/local/rvm/gems/ruby-2.1.0/gems/moped-1.5.3/lib/moped/sockets/tcp.rb:19 - No route to host - connect(2) for "134.213.27.142" port 20001
Exception `Moped::Errors::ConnectionFailure' at /usr/local/rvm/gems/ruby-2.1.0/gems/moped-1.5.3/lib/moped/sockets/connectable.rb:122 - 134.213.27.142:20001: Errno::EHOSTUNREACH (113): No route to host - connect(2) for "134.213.27.142" port 20001
Exception `NoMethodError' at /usr/local/rvm/gems/ruby-2.1.0/gems/moped-1.5.3/lib/moped/connection.rb:64 - undefined method `close' for nil:NilClass
Exception `Errno::EHOSTUNREACH' at /usr/local/rvm/gems/ruby-2.1.0/gems/moped-1.5.3/lib/moped/sockets/tcp.rb:19 - No route to host - connect(2) for "134.213.27.142" port 20001
Exception `Moped::Errors::ConnectionFailure' at /usr/local/rvm/gems/ruby-2.1.0/gems/moped-1.5.3/lib/moped/sockets/connectable.rb:122 - 134.213.27.142:20001: Errno::EHOSTUNREACH (113): No route to host - connect(2) for "134.213.27.142" port 20001
Exception `NoMethodError' at /usr/local/rvm/gems/ruby-2.1.0/gems/moped-1.5.3/lib/moped/connection.rb:64 - undefined method `close' for nil:NilClass
Exception `NoMethodError' at /usr/local/rvm/gems/ruby-2.1.0/gems/moped-1.5.3/lib/moped/connection.rb:64 - undefined method `close' for nil:NilClass
Exception `Moped::Errors::ConnectionFailure' at /usr/local/rvm/gems/ruby-2.1.0/gems/moped-1.5.3/lib/moped/node.rb:172 - 134.213.27.142:20001: Errno::EHOSTUNREACH (113): No route to host - connect(2) for "134.213.27.142" port 20001
Exception `Errno::EHOSTUNREACH' at /usr/local/rvm/gems/ruby-2.1.0/gems/moped-1.5.3/lib/moped/sockets/tcp.rb:19 - No route to host - connect(2) for "134.213.27.142" port 20001
Exception `Moped::Errors::ConnectionFailure' at /usr/local/rvm/gems/ruby-2.1.0/gems/moped-1.5.3/lib/moped/sockets/connectable.rb:122 - 134.213.27.142:20001: Errno::EHOSTUNREACH (113): No route to host - connect(2) for "134.213.27.142" port 20001
Exception `NoMethodError' at /usr/local/rvm/gems/ruby-2.1.0/gems/moped-1.5.3/lib/moped/connection.rb:64 - undefined method `close' for nil:NilClass
Exception `Errno::EHOSTUNREACH' at /usr/local/rvm/gems/ruby-2.1.0/gems/moped-1.5.3/lib/moped/sockets/tcp.rb:19 - No route to host - connect(2) for "134.213.27.142" port 20001
Exception `Moped::Errors::ConnectionFailure' at /usr/local/rvm/gems/ruby-2.1.0/gems/moped-1.5.3/lib/moped/sockets/connectable.rb:122 - 134.213.27.142:20001: Errno::EHOSTUNREACH (113): No route to host - connect(2) for "134.213.27.142" port 20001
Exception `NoMethodError' at /usr/local/rvm/gems/ruby-2.1.0/gems/moped-1.5.3/lib/moped/connection.rb:64 - undefined method `close' for nil:NilClass
Exception `NoMethodError' at /usr/local/rvm/gems/ruby-2.1.0/gems/moped-1.5.3/lib/moped/connection.rb:64 - undefined method `close' for nil:NilClass
Exception `Moped::Errors::ConnectionFailure' at /usr/local/rvm/gems/ruby-2.1.0/gems/moped-1.5.3/lib/moped/node.rb:172 - 134.213.27.142:20001: Errno::EHOSTUNREACH (113): No route to host - connect(2) for "134.213.27.142" port 20001
Exception `Errno::EHOSTUNREACH' at /usr/local/rvm/gems/ruby-2.1.0/gems/moped-1.5.3/lib/moped/sockets/tcp.rb:19 - No route to host - connect(2) for "134.213.27.142" port 20001
Exception `Moped::Errors::ConnectionFailure' at /usr/local/rvm/gems/ruby-2.1.0/gems/moped-1.5.3/lib/moped/sockets/connectable.rb:122 - 134.213.27.142:20001: Errno::EHOSTUNREACH (113): No route to host - connect(2) for "134.213.27.142" port 20001
Exception `NoMethodError' at /usr/local/rvm/gems/ruby-2.1.0/gems/moped-1.5.3/lib/moped/connection.rb:64 - undefined method `close' for nil:NilClass
Exception `Errno::EHOSTUNREACH' at /usr/local/rvm/gems/ruby-2.1.0/gems/moped-1.5.3/lib/moped/sockets/tcp.rb:19 - No route to host - connect(2) for "134.213.27.142" port 20001
Exception `Moped::Errors::ConnectionFailure' at /usr/local/rvm/gems/ruby-2.1.0/gems/moped-1.5.3/lib/moped/sockets/connectable.rb:122 - 134.213.27.142:20001: Errno::EHOSTUNREACH (113): No route to host - connect(2) for "134.213.27.142" port 20001
Exception `NoMethodError' at /usr/local/rvm/gems/ruby-2.1.0/gems/moped-1.5.3/lib/moped/connection.rb:64 - undefined method `close' for nil:NilClass
Exception `NoMethodError' at /usr/local/rvm/gems/ruby-2.1.0/gems/moped-1.5.3/lib/moped/connection.rb:64 - undefined method `close' for nil:NilClass
Exception `Moped::Errors::ConnectionFailure' at /usr/local/rvm/gems/ruby-2.1.0/gems/moped-1.5.3/lib/moped/node.rb:172 - 134.213.27.142:20001: Errno::EHOSTUNREACH (113): No route to host - connect(2) for "134.213.27.142" port 20001
Exception `Errno::EHOSTUNREACH' at /usr/local/rvm/gems/ruby-2.1.0/gems/moped-1.5.3/lib/moped/sockets/tcp.rb:19 - No route to host - connect(2) for "134.213.27.142" port 20001
Exception `Moped::Errors::ConnectionFailure' at /usr/local/rvm/gems/ruby-2.1.0/gems/moped-1.5.3/lib/moped/sockets/connectable.rb:122 - 134.213.27.142:20001: Errno::EHOSTUNREACH (113): No route to host - connect(2) for "134.213.27.142" port 20001
Exception `NoMethodError' at /usr/local/rvm/gems/ruby-2.1.0/gems/moped-1.5.3/lib/moped/connection.rb:64 - undefined method `close' for nil:NilClass
Exception `Errno::EHOSTUNREACH' at /usr/local/rvm/gems/ruby-2.1.0/gems/moped-1.5.3/lib/moped/sockets/tcp.rb:19 - No route to host - connect(2) for "134.213.27.142" port 20001
Exception `Moped::Errors::ConnectionFailure' at /usr/local/rvm/gems/ruby-2.1.0/gems/moped-1.5.3/lib/moped/sockets/connectable.rb:122 - 134.213.27.142:20001: Errno::EHOSTUNREACH (113): No route to host - connect(2) for "134.213.27.142" port 20001
Exception `NoMethodError' at /usr/local/rvm/gems/ruby-2.1.0/gems/moped-1.5.3/lib/moped/connection.rb:64 - undefined method `close' for nil:NilClass
Exception `NoMethodError' at /usr/local/rvm/gems/ruby-2.1.0/gems/moped-1.5.3/lib/moped/connection.rb:64 - undefined method `close' for nil:NilClass
Exception `Moped::Errors::ConnectionFailure' at /usr/local/rvm/gems/ruby-2.1.0/gems/moped-1.5.3/lib/moped/node.rb:172 - 134.213.27.142:20001: Errno::EHOSTUNREACH (113): No route to host - connect(2) for "134.213.27.142" port 20001
Exception `Errno::EHOSTUNREACH' at /usr/local/rvm/gems/ruby-2.1.0/gems/moped-1.5.3/lib/moped/sockets/tcp.rb:19 - No route to host - connect(2) for "134.213.27.142" port 20001
Exception `Moped::Errors::ConnectionFailure' at /usr/local/rvm/gems/ruby-2.1.0/gems/moped-1.5.3/lib/moped/sockets/connectable.rb:122 - 134.213.27.142:20001: Errno::EHOSTUNREACH (113): No route to host - connect(2) for "134.213.27.142" port 20001
Exception `NoMethodError' at /usr/local/rvm/gems/ruby-2.1.0/gems/moped-1.5.3/lib/moped/connection.rb:64 - undefined method `close' for nil:NilClass
Exception `Errno::EHOSTUNREACH' at /usr/local/rvm/gems/ruby-2.1.0/gems/moped-1.5.3/lib/moped/sockets/tcp.rb:19 - No route to host - connect(2) for "134.213.27.142" port 20001
Exception `Moped::Errors::ConnectionFailure' at /usr/local/rvm/gems/ruby-2.1.0/gems/moped-1.5.3/lib/moped/sockets/connectable.rb:122 - 134.213.27.142:20001: Errno::EHOSTUNREACH (113): No route to host - connect(2) for "134.213.27.142" port 20001
Exception `NoMethodError' at /usr/local/rvm/gems/ruby-2.1.0/gems/moped-1.5.3/lib/moped/connection.rb:64 - undefined method `close' for nil:NilClass
Exception `NoMethodError' at /usr/local/rvm/gems/ruby-2.1.0/gems/moped-1.5.3/lib/moped/connection.rb:64 - undefined method `close' for nil:NilClass
Exception `Moped::Errors::ConnectionFailure' at /usr/local/rvm/gems/ruby-2.1.0/gems/moped-1.5.3/lib/moped/node.rb:172 - 134.213.27.142:20001: Errno::EHOSTUNREACH (113): No route to host - connect(2) for "134.213.27.142" port 20001
Exception `Errno::EHOSTUNREACH' at /usr/local/rvm/gems/ruby-2.1.0/gems/moped-1.5.3/lib/moped/sockets/tcp.rb:19 - No route to host - connect(2) for "134.213.27.142" port 20001
Exception `Moped::Errors::ConnectionFailure' at /usr/local/rvm/gems/ruby-2.1.0/gems/moped-1.5.3/lib/moped/sockets/connectable.rb:122 - 134.213.27.142:20001: Errno::EHOSTUNREACH (113): No route to host - connect(2) for "134.213.27.142" port 20001
Exception `NoMethodError' at /usr/local/rvm/gems/ruby-2.1.0/gems/moped-1.5.3/lib/moped/connection.rb:64 - undefined method `close' for nil:NilClass
Exception `Errno::EHOSTUNREACH' at /usr/local/rvm/gems/ruby-2.1.0/gems/moped-1.5.3/lib/moped/sockets/tcp.rb:19 - No route to host - connect(2) for "134.213.27.142" port 20001
Exception `Moped::Errors::ConnectionFailure' at /usr/local/rvm/gems/ruby-2.1.0/gems/moped-1.5.3/lib/moped/sockets/connectable.rb:122 - 134.213.27.142:20001: Errno::EHOSTUNREACH (113): No route to host - connect(2) for "134.213.27.142" port 20001
Exception `NoMethodError' at /usr/local/rvm/gems/ruby-2.1.0/gems/moped-1.5.3/lib/moped/connection.rb:64 - undefined method `close' for nil:NilClass
Exception `NoMethodError' at /usr/local/rvm/gems/ruby-2.1.0/gems/moped-1.5.3/lib/moped/connection.rb:64 - undefined method `close' for nil:NilClass
Exception `Moped::Errors::ConnectionFailure' at /usr/local/rvm/gems/ruby-2.1.0/gems/moped-1.5.3/lib/moped/node.rb:172 - 134.213.27.142:20001: Errno::EHOSTUNREACH (113): No route to host - connect(2) for "134.213.27.142" port 20001
Exception `Errno::EHOSTUNREACH' at /usr/local/rvm/gems/ruby-2.1.0/gems/moped-1.5.3/lib/moped/sockets/tcp.rb:19 - No route to host - connect(2) for "134.213.27.142" port 20001
Exception `Moped::Errors::ConnectionFailure' at /usr/local/rvm/gems/ruby-2.1.0/gems/moped-1.5.3/lib/moped/sockets/connectable.rb:122 - 134.213.27.142:20001: Errno::EHOSTUNREACH (113): No route to host - connect(2) for "134.213.27.142" port 20001
Exception `NoMethodError' at /usr/local/rvm/gems/ruby-2.1.0/gems/moped-1.5.3/lib/moped/connection.rb:64 - undefined method `close' for nil:NilClass
Exception `Errno::EHOSTUNREACH' at /usr/local/rvm/gems/ruby-2.1.0/gems/moped-1.5.3/lib/moped/sockets/tcp.rb:19 - No route to host - connect(2) for "134.213.27.142" port 20001
Exception `Moped::Errors::ConnectionFailure' at /usr/local/rvm/gems/ruby-2.1.0/gems/moped-1.5.3/lib/moped/sockets/connectable.rb:122 - 134.213.27.142:20001: Errno::EHOSTUNREACH (113): No route to host - connect(2) for "134.213.27.142" port 20001
Exception `NoMethodError' at /usr/local/rvm/gems/ruby-2.1.0/gems/moped-1.5.3/lib/moped/connection.rb:64 - undefined method `close' for nil:NilClass
Exception `NoMethodError' at /usr/local/rvm/gems/ruby-2.1.0/gems/moped-1.5.3/lib/moped/connection.rb:64 - undefined method `close' for nil:NilClass
Exception `Moped::Errors::ConnectionFailure' at /usr/local/rvm/gems/ruby-2.1.0/gems/moped-1.5.3/lib/moped/node.rb:172 - 134.213.27.142:20001: Errno::EHOSTUNREACH (113): No route to host - connect(2) for "134.213.27.142" port 20001
Exception `Errno::EHOSTUNREACH' at /usr/local/rvm/gems/ruby-2.1.0/gems/moped-1.5.3/lib/moped/sockets/tcp.rb:19 - No route to host - connect(2) for "134.213.27.142" port 20001
Exception `Moped::Errors::ConnectionFailure' at /usr/local/rvm/gems/ruby-2.1.0/gems/moped-1.5.3/lib/moped/sockets/connectable.rb:122 - 134.213.27.142:20001: Errno::EHOSTUNREACH (113): No route to host - connect(2) for "134.213.27.142" port 20001
Exception `NoMethodError' at /usr/local/rvm/gems/ruby-2.1.0/gems/moped-1.5.3/lib/moped/connection.rb:64 - undefined method `close' for nil:NilClass
Exception `Errno::EHOSTUNREACH' at /usr/local/rvm/gems/ruby-2.1.0/gems/moped-1.5.3/lib/moped/sockets/tcp.rb:19 - No route to host - connect(2) for "134.213.27.142" port 20001
Exception `Moped::Errors::ConnectionFailure' at /usr/local/rvm/gems/ruby-2.1.0/gems/moped-1.5.3/lib/moped/sockets/connectable.rb:122 - 134.213.27.142:20001: Errno::EHOSTUNREACH (113): No route to host - connect(2) for "134.213.27.142" port 20001
Exception `NoMethodError' at /usr/local/rvm/gems/ruby-2.1.0/gems/moped-1.5.3/lib/moped/connection.rb:64 - undefined method `close' for nil:NilClass
Exception `NoMethodError' at /usr/local/rvm/gems/ruby-2.1.0/gems/moped-1.5.3/lib/moped/connection.rb:64 - undefined method `close' for nil:NilClass
Exception `Moped::Errors::ConnectionFailure' at /usr/local/rvm/gems/ruby-2.1.0/gems/moped-1.5.3/lib/moped/node.rb:172 - 134.213.27.142:20001: Errno::EHOSTUNREACH (113): No route to host - connect(2) for "134.213.27.142" port 20001
Exception `Errno::EHOSTUNREACH' at /usr/local/rvm/gems/ruby-2.1.0/gems/moped-1.5.3/lib/moped/sockets/tcp.rb:19 - No route to host - connect(2) for "134.213.27.142" port 20001
Exception `Moped::Errors::ConnectionFailure' at /usr/local/rvm/gems/ruby-2.1.0/gems/moped-1.5.3/lib/moped/sockets/connectable.rb:122 - 134.213.27.142:20001: Errno::EHOSTUNREACH (113): No route to host - connect(2) for "134.213.27.142" port 20001
Exception `NoMethodError' at /usr/local/rvm/gems/ruby-2.1.0/gems/moped-1.5.3/lib/moped/connection.rb:64 - undefined method `close' for nil:NilClass
Exception `Errno::EHOSTUNREACH' at /usr/local/rvm/gems/ruby-2.1.0/gems/moped-1.5.3/lib/moped/sockets/tcp.rb:19 - No route to host - connect(2) for "134.213.27.142" port 20001
Exception `Moped::Errors::ConnectionFailure' at /usr/local/rvm/gems/ruby-2.1.0/gems/moped-1.5.3/lib/moped/sockets/connectable.rb:122 - 134.213.27.142:20001: Errno::EHOSTUNREACH (113): No route to host - connect(2) for "134.213.27.142" port 20001
Exception `NoMethodError' at /usr/local/rvm/gems/ruby-2.1.0/gems/moped-1.5.3/lib/moped/connection.rb:64 - undefined method `close' for nil:NilClass
Exception `NoMethodError' at /usr/local/rvm/gems/ruby-2.1.0/gems/moped-1.5.3/lib/moped/connection.rb:64 - undefined method `close' for nil:NilClass
Exception `Moped::Errors::ConnectionFailure' at /usr/local/rvm/gems/ruby-2.1.0/gems/moped-1.5.3/lib/moped/node.rb:172 - 134.213.27.142:20001: Errno::EHOSTUNREACH (113): No route to host - connect(2) for "134.213.27.142" port 20001
Exception `Errno::EHOSTUNREACH' at /usr/local/rvm/gems/ruby-2.1.0/gems/moped-1.5.3/lib/moped/sockets/tcp.rb:19 - No route to host - connect(2) for "134.213.27.142" port 20001
Exception `Moped::Errors::ConnectionFailure' at /usr/local/rvm/gems/ruby-2.1.0/gems/moped-1.5.3/lib/moped/sockets/connectable.rb:122 - 134.213.27.142:20001: Errno::EHOSTUNREACH (113): No route to host - connect(2) for "134.213.27.142" port 20001
Exception `NoMethodError' at /usr/local/rvm/gems/ruby-2.1.0/gems/moped-1.5.3/lib/moped/connection.rb:64 - undefined method `close' for nil:NilClass
Exception `Errno::EHOSTUNREACH' at /usr/local/rvm/gems/ruby-2.1.0/gems/moped-1.5.3/lib/moped/sockets/tcp.rb:19 - No route to host - connect(2) for "134.213.27.142" port 20001
Exception `Moped::Errors::ConnectionFailure' at /usr/local/rvm/gems/ruby-2.1.0/gems/moped-1.5.3/lib/moped/sockets/connectable.rb:122 - 134.213.27.142:20001: Errno::EHOSTUNREACH (113): No route to host - connect(2) for "134.213.27.142" port 20001
Exception `NoMethodError' at /usr/local/rvm/gems/ruby-2.1.0/gems/moped-1.5.3/lib/moped/connection.rb:64 - undefined method `close' for nil:NilClass
Exception `NoMethodError' at /usr/local/rvm/gems/ruby-2.1.0/gems/moped-1.5.3/lib/moped/connection.rb:64 - undefined method `close' for nil:NilClass
Exception `Moped::Errors::ConnectionFailure' at /usr/local/rvm/gems/ruby-2.1.0/gems/moped-1.5.3/lib/moped/node.rb:172 - 134.213.27.142:20001: Errno::EHOSTUNREACH (113): No route to host - connect(2) for "134.213.27.142" port 20001
Exception `Errno::EHOSTUNREACH' at /usr/local/rvm/gems/ruby-2.1.0/gems/moped-1.5.3/lib/moped/sockets/tcp.rb:19 - No route to host - connect(2) for "134.213.27.142" port 20001
Exception `Moped::Errors::ConnectionFailure' at /usr/local/rvm/gems/ruby-2.1.0/gems/moped-1.5.3/lib/moped/sockets/connectable.rb:122 - 134.213.27.142:20001: Errno::EHOSTUNREACH (113): No route to host - connect(2) for "134.213.27.142" port 20001
Exception `NoMethodError' at /usr/local/rvm/gems/ruby-2.1.0/gems/moped-1.5.3/lib/moped/connection.rb:64 - undefined method `close' for nil:NilClass
Exception `Errno::EHOSTUNREACH' at /usr/local/rvm/gems/ruby-2.1.0/gems/moped-1.5.3/lib/moped/sockets/tcp.rb:19 - No route to host - connect(2) for "134.213.27.142" port 20001
Exception `Moped::Errors::ConnectionFailure' at /usr/local/rvm/gems/ruby-2.1.0/gems/moped-1.5.3/lib/moped/sockets/connectable.rb:122 - 134.213.27.142:20001: Errno::EHOSTUNREACH (113): No route to host - connect(2) for "134.213.27.142" port 20001
Exception `NoMethodError' at /usr/local/rvm/gems/ruby-2.1.0/gems/moped-1.5.3/lib/moped/connection.rb:64 - undefined method `close' for nil:NilClass
Exception `NoMethodError' at /usr/local/rvm/gems/ruby-2.1.0/gems/moped-1.5.3/lib/moped/connection.rb:64 - undefined method `close' for nil:NilClass
Exception `Moped::Errors::ConnectionFailure' at /usr/local/rvm/gems/ruby-2.1.0/gems/moped-1.5.3/lib/moped/node.rb:172 - 134.213.27.142:20001: Errno::EHOSTUNREACH (113): No route to host - connect(2) for "134.213.27.142" port 20001
Exception `Errno::EHOSTUNREACH' at /usr/local/rvm/gems/ruby-2.1.0/gems/moped-1.5.3/lib/moped/sockets/tcp.rb:19 - No route to host - connect(2) for "134.213.27.142" port 20001
Exception `Moped::Errors::ConnectionFailure' at /usr/local/rvm/gems/ruby-2.1.0/gems/moped-1.5.3/lib/moped/sockets/connectable.rb:122 - 134.213.27.142:20001: Errno::EHOSTUNREACH (113): No route to host - connect(2) for "134.213.27.142" port 20001
Exception `NoMethodError' at /usr/local/rvm/gems/ruby-2.1.0/gems/moped-1.5.3/lib/moped/connection.rb:64 - undefined method `close' for nil:NilClass
Exception `Errno::EHOSTUNREACH' at /usr/local/rvm/gems/ruby-2.1.0/gems/moped-1.5.3/lib/moped/sockets/tcp.rb:19 - No route to host - connect(2) for "134.213.27.142" port 20001
Exception `Moped::Errors::ConnectionFailure' at /usr/local/rvm/gems/ruby-2.1.0/gems/moped-1.5.3/lib/moped/sockets/connectable.rb:122 - 134.213.27.142:20001: Errno::EHOSTUNREACH (113): No route to host - connect(2) for "134.213.27.142" port 20001
Exception `NoMethodError' at /usr/local/rvm/gems/ruby-2.1.0/gems/moped-1.5.3/lib/moped/connection.rb:64 - undefined method `close' for nil:NilClass
Exception `NoMethodError' at /usr/local/rvm/gems/ruby-2.1.0/gems/moped-1.5.3/lib/moped/connection.rb:64 - undefined method `close' for nil:NilClass
Exception `Moped::Errors::ConnectionFailure' at /usr/local/rvm/gems/ruby-2.1.0/gems/moped-1.5.3/lib/moped/node.rb:172 - 134.213.27.142:20001: Errno::EHOSTUNREACH (113): No route to host - connect(2) for "134.213.27.142" port 20001
Exception `Errno::EHOSTUNREACH' at /usr/local/rvm/gems/ruby-2.1.0/gems/moped-1.5.3/lib/moped/sockets/tcp.rb:19 - No route to host - connect(2) for "134.213.27.142" port 20001
Exception `Moped::Errors::ConnectionFailure' at /usr/local/rvm/gems/ruby-2.1.0/gems/moped-1.5.3/lib/moped/sockets/connectable.rb:122 - 134.213.27.142:20001: Errno::EHOSTUNREACH (113): No route to host - connect(2) for "134.213.27.142" port 20001
Exception `NoMethodError' at /usr/local/rvm/gems/ruby-2.1.0/gems/moped-1.5.3/lib/moped/connection.rb:64 - undefined method `close' for nil:NilClass
Exception `Errno::EHOSTUNREACH' at /usr/local/rvm/gems/ruby-2.1.0/gems/moped-1.5.3/lib/moped/sockets/tcp.rb:19 - No route to host - connect(2) for "134.213.27.142" port 20001
Exception `Moped::Errors::ConnectionFailure' at /usr/local/rvm/gems/ruby-2.1.0/gems/moped-1.5.3/lib/moped/sockets/connectable.rb:122 - 134.213.27.142:20001: Errno::EHOSTUNREACH (113): No route to host - connect(2) for "134.213.27.142" port 20001
Exception `NoMethodError' at /usr/local/rvm/gems/ruby-2.1.0/gems/moped-1.5.3/lib/moped/connection.rb:64 - undefined method `close' for nil:NilClass
Exception `NoMethodError' at /usr/local/rvm/gems/ruby-2.1.0/gems/moped-1.5.3/lib/moped/connection.rb:64 - undefined method `close' for nil:NilClass
Exception `Moped::Errors::ConnectionFailure' at /usr/local/rvm/gems/ruby-2.1.0/gems/moped-1.5.3/lib/moped/node.rb:172 - 134.213.27.142:20001: Errno::EHOSTUNREACH (113): No route to host - connect(2) for "134.213.27.142" port 20001
Exception `Errno::EHOSTUNREACH' at /usr/local/rvm/gems/ruby-2.1.0/gems/moped-1.5.3/lib/moped/sockets/tcp.rb:19 - No route to host - connect(2) for "134.213.27.142" port 20001
Exception `Moped::Errors::ConnectionFailure' at /usr/local/rvm/gems/ruby-2.1.0/gems/moped-1.5.3/lib/moped/sockets/connectable.rb:122 - 134.213.27.142:20001: Errno::EHOSTUNREACH (113): No route to host - connect(2) for "134.213.27.142" port 20001
Exception `NoMethodError' at /usr/local/rvm/gems/ruby-2.1.0/gems/moped-1.5.3/lib/moped/connection.rb:64 - undefined method `close' for nil:NilClass
Exception `Errno::EHOSTUNREACH' at /usr/local/rvm/gems/ruby-2.1.0/gems/moped-1.5.3/lib/moped/sockets/tcp.rb:19 - No route to host - connect(2) for "134.213.27.142" port 20001
Exception `Moped::Errors::ConnectionFailure' at /usr/local/rvm/gems/ruby-2.1.0/gems/moped-1.5.3/lib/moped/sockets/connectable.rb:122 - 134.213.27.142:20001: Errno::EHOSTUNREACH (113): No route to host - connect(2) for "134.213.27.142" port 20001
Exception `NoMethodError' at /usr/local/rvm/gems/ruby-2.1.0/gems/moped-1.5.3/lib/moped/connection.rb:64 - undefined method `close' for nil:NilClass
Exception `NoMethodError' at /usr/local/rvm/gems/ruby-2.1.0/gems/moped-1.5.3/lib/moped/connection.rb:64 - undefined method `close' for nil:NilClass
Exception `Moped::Errors::ConnectionFailure' at /usr/local/rvm/gems/ruby-2.1.0/gems/moped-1.5.3/lib/moped/node.rb:172 - 134.213.27.142:20001: Errno::EHOSTUNREACH (113): No route to host - connect(2) for "134.213.27.142" port 20001
Exception `Errno::EHOSTUNREACH' at /usr/local/rvm/gems/ruby-2.1.0/gems/moped-1.5.3/lib/moped/sockets/tcp.rb:19 - No route to host - connect(2) for "134.213.27.142" port 20001
Exception `Moped::Errors::ConnectionFailure' at /usr/local/rvm/gems/ruby-2.1.0/gems/moped-1.5.3/lib/moped/sockets/connectable.rb:122 - 134.213.27.142:20001: Errno::EHOSTUNREACH (113): No route to host - connect(2) for "134.213.27.142" port 20001
Exception `NoMethodError' at /usr/local/rvm/gems/ruby-2.1.0/gems/moped-1.5.3/lib/moped/connection.rb:64 - undefined method `close' for nil:NilClass
Exception `Errno::EHOSTUNREACH' at /usr/local/rvm/gems/ruby-2.1.0/gems/moped-1.5.3/lib/moped/sockets/tcp.rb:19 - No route to host - connect(2) for "134.213.27.142" port 20001
Exception `Moped::Errors::ConnectionFailure' at /usr/local/rvm/gems/ruby-2.1.0/gems/moped-1.5.3/lib/moped/sockets/connectable.rb:122 - 134.213.27.142:20001: Errno::EHOSTUNREACH (113): No route to host - connect(2) for "134.213.27.142" port 20001
Exception `NoMethodError' at /usr/local/rvm/gems/ruby-2.1.0/gems/moped-1.5.3/lib/moped/connection.rb:64 - undefined method `close' for nil:NilClass
Exception `NoMethodError' at /usr/local/rvm/gems/ruby-2.1.0/gems/moped-1.5.3/lib/moped/connection.rb:64 - undefined method `close' for nil:NilClass
Exception `Moped::Errors::ConnectionFailure' at /usr/local/rvm/gems/ruby-2.1.0/gems/moped-1.5.3/lib/moped/node.rb:172 - 134.213.27.142:20001: Errno::EHOSTUNREACH (113): No route to host - connect(2) for "134.213.27.142" port 20001
Exception `Moped::Errors::ConnectionFailure' at /usr/local/rvm/gems/ruby-2.1.0/gems/moped-1.5.3/lib/moped/cluster.rb:270 - Could not connect to any secondary or primary nodes for replica set <Moped::Cluster nodes=[<Moped::Node resolved_address="134.213.27.142:20001">]>
Exception `Moped::Errors::ConnectionFailure' at /usr/local/rvm/gems/ruby-2.1.0/gems/activesupport-3.2.14/lib/active_support/dependencies.rb:240 - Could not connect to any secondary or primary nodes for replica set <Moped::Cluster nodes=[<Moped::Node resolved_address="134.213.27.142:20001">]>
Exception `Moped::Errors::ConnectionFailure' at /usr/local/rvm/gems/ruby-2.1.0/gems/activesupport-3.2.14/lib/active_support/dependencies.rb:240 - Could not connect to any secondary or primary nodes for replica set <Moped::Cluster nodes=[<Moped::Node resolved_address="134.213.27.142:20001">]>
Exception `Moped::Errors::ConnectionFailure' at /usr/local/rvm/gems/ruby-2.1.0/gems/unicorn-4.9.0/lib/unicorn.rb:48 - Could not connect to any secondary or primary nodes for replica set <Moped::Cluster nodes=[<Moped::Node resolved_address="134.213.27.142:20001">]>
Exception `Moped::Errors::ConnectionFailure' at /usr/local/rvm/gems/ruby-2.1.0/bin/ruby_executable_hooks:15 - Could not connect to any secondary or primary nodes for replica set <Moped::Cluster nodes=[<Moped::Node resolved_address="134.213.27.142:20001">]>
/usr/local/rvm/gems/ruby-2.1.0/gems/moped-1.5.3/lib/moped/cluster.rb:270:in `with_secondary': Could not connect to any secondary or primary nodes for replica set <Moped::Cluster nodes=[<Moped::Node resolved_address="134.213.27.142:20001">]> (Moped::Errors::ConnectionFailure)
	from /usr/local/rvm/gems/ruby-2.1.0/gems/moped-1.5.3/lib/moped/cluster.rb:268:in `with_secondary'
	from /usr/local/rvm/gems/ruby-2.1.0/gems/moped-1.5.3/lib/moped/cluster.rb:268:in `with_secondary'
	from /usr/local/rvm/gems/ruby-2.1.0/gems/moped-1.5.3/lib/moped/cluster.rb:268:in `with_secondary'
	from /usr/local/rvm/gems/ruby-2.1.0/gems/moped-1.5.3/lib/moped/cluster.rb:268:in `with_secondary'
	from /usr/local/rvm/gems/ruby-2.1.0/gems/moped-1.5.3/lib/moped/cluster.rb:268:in `with_secondary'
	from /usr/local/rvm/gems/ruby-2.1.0/gems/moped-1.5.3/lib/moped/cluster.rb:268:in `with_secondary'
	from /usr/local/rvm/gems/ruby-2.1.0/gems/moped-1.5.3/lib/moped/cluster.rb:268:in `with_secondary'
	from /usr/local/rvm/gems/ruby-2.1.0/gems/moped-1.5.3/lib/moped/cluster.rb:268:in `with_secondary'
	from /usr/local/rvm/gems/ruby-2.1.0/gems/moped-1.5.3/lib/moped/cluster.rb:268:in `with_secondary'
	from /usr/local/rvm/gems/ruby-2.1.0/gems/moped-1.5.3/lib/moped/cluster.rb:268:in `with_secondary'
	from /usr/local/rvm/gems/ruby-2.1.0/gems/moped-1.5.3/lib/moped/cluster.rb:268:in `with_secondary'
	from /usr/local/rvm/gems/ruby-2.1.0/gems/moped-1.5.3/lib/moped/cluster.rb:268:in `with_secondary'
	from /usr/local/rvm/gems/ruby-2.1.0/gems/moped-1.5.3/lib/moped/cluster.rb:268:in `with_secondary'
	from /usr/local/rvm/gems/ruby-2.1.0/gems/moped-1.5.3/lib/moped/cluster.rb:268:in `with_secondary'
	from /usr/local/rvm/gems/ruby-2.1.0/gems/moped-1.5.3/lib/moped/cluster.rb:268:in `with_secondary'
	from /usr/local/rvm/gems/ruby-2.1.0/gems/moped-1.5.3/lib/moped/cluster.rb:268:in `with_secondary'
	from /usr/local/rvm/gems/ruby-2.1.0/gems/moped-1.5.3/lib/moped/cluster.rb:268:in `with_secondary'
	from /usr/local/rvm/gems/ruby-2.1.0/gems/moped-1.5.3/lib/moped/cluster.rb:268:in `with_secondary'
	from /usr/local/rvm/gems/ruby-2.1.0/gems/moped-1.5.3/lib/moped/cluster.rb:268:in `with_secondary'
	from /usr/local/rvm/gems/ruby-2.1.0/gems/moped-1.5.3/lib/moped/cluster.rb:268:in `with_secondary'
	from /usr/local/rvm/gems/ruby-2.1.0/gems/moped-1.5.3/lib/moped/session/context.rb:104:in `with_node'
	from /usr/local/rvm/gems/ruby-2.1.0/gems/moped-1.5.3/lib/moped/cursor.rb:137:in `load_docs'
	from /usr/local/rvm/gems/ruby-2.1.0/gems/moped-1.5.3/lib/moped/cursor.rb:25:in `each'
	from /usr/local/rvm/gems/ruby-2.1.0/gems/moped-1.5.3/lib/moped/query.rb:76:in `each'
	from /usr/local/rvm/gems/ruby-2.1.0/gems/moped-1.5.3/lib/moped/query.rb:76:in `each'
	from /usr/local/rvm/gems/ruby-2.1.0/gems/mongoid-3.1.7/lib/mongoid/contextual/mongo.rb:122:in `block in each'
	from /usr/local/rvm/gems/ruby-2.1.0/gems/mongoid-3.1.7/lib/mongoid/contextual/mongo.rb:619:in `selecting'
	from /usr/local/rvm/gems/ruby-2.1.0/gems/mongoid-3.1.7/lib/mongoid/contextual/mongo.rb:121:in `each'
	from /usr/local/rvm/gems/ruby-2.1.0/gems/mongoid-3.1.7/lib/mongoid/contextual.rb:19:in `each'
	from /opt/aptual/actual/lib/app/rolefy/documents.rb:5:in `<module:Documents>'
	from /opt/aptual/actual/lib/app/rolefy/documents.rb:4:in `<module:Rolefy>'
	from /opt/aptual/actual/lib/app/rolefy/documents.rb:2:in `<module:App>'
	from /opt/aptual/actual/lib/app/rolefy/documents.rb:1:in `<top (required)>'
	from /usr/local/rvm/gems/ruby-2.1.0/gems/activesupport-3.2.14/lib/active_support/dependencies.rb:251:in `require'
	from /usr/local/rvm/gems/ruby-2.1.0/gems/activesupport-3.2.14/lib/active_support/dependencies.rb:251:in `block in require'
	from /usr/local/rvm/gems/ruby-2.1.0/gems/activesupport-3.2.14/lib/active_support/dependencies.rb:236:in `load_dependency'
	from /usr/local/rvm/gems/ruby-2.1.0/gems/activesupport-3.2.14/lib/active_support/dependencies.rb:251:in `require'
	from /opt/aptual/actual/config/initializers/injection.rb:6:in `<top (required)>'
	from /usr/local/rvm/gems/ruby-2.1.0/gems/activesupport-3.2.14/lib/active_support/dependencies.rb:245:in `load'
	from /usr/local/rvm/gems/ruby-2.1.0/gems/activesupport-3.2.14/lib/active_support/dependencies.rb:245:in `block in load'
	from /usr/local/rvm/gems/ruby-2.1.0/gems/activesupport-3.2.14/lib/active_support/dependencies.rb:236:in `load_dependency'
	from /usr/local/rvm/gems/ruby-2.1.0/gems/activesupport-3.2.14/lib/active_support/dependencies.rb:245:in `load'
	from /usr/local/rvm/gems/ruby-2.1.0/gems/railties-3.2.14/lib/rails/engine.rb:593:in `block (2 levels) in <class:Engine>'
	from /usr/local/rvm/gems/ruby-2.1.0/gems/railties-3.2.14/lib/rails/engine.rb:592:in `each'
	from /usr/local/rvm/gems/ruby-2.1.0/gems/railties-3.2.14/lib/rails/engine.rb:592:in `block in <class:Engine>'
	from /usr/local/rvm/gems/ruby-2.1.0/gems/railties-3.2.14/lib/rails/initializable.rb:30:in `instance_exec'
	from /usr/local/rvm/gems/ruby-2.1.0/gems/railties-3.2.14/lib/rails/initializable.rb:30:in `run'
	from /usr/local/rvm/gems/ruby-2.1.0/gems/railties-3.2.14/lib/rails/initializable.rb:55:in `block in run_initializers'
	from /usr/local/rvm/gems/ruby-2.1.0/gems/railties-3.2.14/lib/rails/initializable.rb:54:in `each'
	from /usr/local/rvm/gems/ruby-2.1.0/gems/railties-3.2.14/lib/rails/initializable.rb:54:in `run_initializers'
	from /usr/local/rvm/gems/ruby-2.1.0/gems/railties-3.2.14/lib/rails/application.rb:136:in `initialize!'
	from /usr/local/rvm/gems/ruby-2.1.0/gems/railties-3.2.14/lib/rails/railtie/configurable.rb:30:in `method_missing'
	from /opt/aptual/actual/config/environment.rb:5:in `<top (required)>'
	from config.ru:25:in `require'
	from config.ru:25:in `block in <main>'
	from /usr/local/rvm/gems/ruby-2.1.0/gems/rack-1.4.7/lib/rack/builder.rb:51:in `instance_eval'
	from /usr/local/rvm/gems/ruby-2.1.0/gems/rack-1.4.7/lib/rack/builder.rb:51:in `initialize'
	from config.ru:1:in `new'
	from config.ru:1:in `<main>'
	from /usr/local/rvm/gems/ruby-2.1.0/gems/unicorn-4.9.0/lib/unicorn.rb:48:in `eval'
	from /usr/local/rvm/gems/ruby-2.1.0/gems/unicorn-4.9.0/lib/unicorn.rb:48:in `block in builder'
	from /usr/local/rvm/gems/ruby-2.1.0/gems/unicorn-4.9.0/bin/unicorn_rails:139:in `call'
	from /usr/local/rvm/gems/ruby-2.1.0/gems/unicorn-4.9.0/bin/unicorn_rails:139:in `block in rails_builder'
	from /usr/local/rvm/gems/ruby-2.1.0/gems/unicorn-4.9.0/lib/unicorn/http_server.rb:768:in `call'
	from /usr/local/rvm/gems/ruby-2.1.0/gems/unicorn-4.9.0/lib/unicorn/http_server.rb:768:in `build_app!'
	from /usr/local/rvm/gems/ruby-2.1.0/gems/unicorn-4.9.0/lib/unicorn/http_server.rb:137:in `start'
	from /usr/local/rvm/gems/ruby-2.1.0/gems/unicorn-4.9.0/bin/unicorn_rails:209:in `<top (required)>'
	from /usr/local/rvm/gems/ruby-2.1.0/bin/unicorn_rails:23:in `load'
	from /usr/local/rvm/gems/ruby-2.1.0/bin/unicorn_rails:23:in `<main>'
	from /usr/local/rvm/gems/ruby-2.1.0/bin/ruby_executable_hooks:15:in `eval'
	from /usr/local/rvm/gems/ruby-2.1.0/bin/ruby_executable_hooks:15:in `<main>'
I, [2015-10-29T10:31:40.687317 #12628]  INFO -- : Refreshing Gem list
/usr/local/rvm/gems/ruby-2.1.0/gems/railties-3.2.14/lib/rails/railtie/configuration.rb:85:in `method_missing': undefined method `active_record' for #<Rails::Application::Configuration:0x00000004bdf840> (NoMethodError)
	from /opt/aptual/actual/config/environments/production.rb:89:in `block in <top (required)>'
	from /usr/local/rvm/gems/ruby-2.1.0/gems/railties-3.2.14/lib/rails/railtie/configurable.rb:24:in `class_eval'
	from /usr/local/rvm/gems/ruby-2.1.0/gems/railties-3.2.14/lib/rails/railtie/configurable.rb:24:in `configure'
	from /opt/aptual/actual/config/environments/production.rb:1:in `<top (required)>'
	from /usr/local/rvm/gems/ruby-2.1.0/gems/activesupport-3.2.14/lib/active_support/dependencies.rb:251:in `require'
	from /usr/local/rvm/gems/ruby-2.1.0/gems/activesupport-3.2.14/lib/active_support/dependencies.rb:251:in `block in require'
	from /usr/local/rvm/gems/ruby-2.1.0/gems/activesupport-3.2.14/lib/active_support/dependencies.rb:236:in `load_dependency'
	from /usr/local/rvm/gems/ruby-2.1.0/gems/activesupport-3.2.14/lib/active_support/dependencies.rb:251:in `require'
	from /usr/local/rvm/gems/ruby-2.1.0/gems/railties-3.2.14/lib/rails/engine.rb:576:in `block in <class:Engine>'
	from /usr/local/rvm/gems/ruby-2.1.0/gems/railties-3.2.14/lib/rails/initializable.rb:30:in `instance_exec'
	from /usr/local/rvm/gems/ruby-2.1.0/gems/railties-3.2.14/lib/rails/initializable.rb:30:in `run'
	from /usr/local/rvm/gems/ruby-2.1.0/gems/railties-3.2.14/lib/rails/initializable.rb:55:in `block in run_initializers'
	from /usr/local/rvm/gems/ruby-2.1.0/gems/railties-3.2.14/lib/rails/initializable.rb:54:in `each'
	from /usr/local/rvm/gems/ruby-2.1.0/gems/railties-3.2.14/lib/rails/initializable.rb:54:in `run_initializers'
	from /usr/local/rvm/gems/ruby-2.1.0/gems/railties-3.2.14/lib/rails/application.rb:136:in `initialize!'
	from /usr/local/rvm/gems/ruby-2.1.0/gems/railties-3.2.14/lib/rails/railtie/configurable.rb:30:in `method_missing'
	from /opt/aptual/actual/config/environment.rb:5:in `<top (required)>'
	from config.ru:25:in `require'
	from config.ru:25:in `block in <main>'
	from /usr/local/rvm/gems/ruby-2.1.0/gems/rack-1.4.7/lib/rack/builder.rb:51:in `instance_eval'
	from /usr/local/rvm/gems/ruby-2.1.0/gems/rack-1.4.7/lib/rack/builder.rb:51:in `initialize'
	from config.ru:1:in `new'
	from config.ru:1:in `<main>'
	from /usr/local/rvm/gems/ruby-2.1.0/gems/unicorn-4.9.0/lib/unicorn.rb:48:in `eval'
	from /usr/local/rvm/gems/ruby-2.1.0/gems/unicorn-4.9.0/lib/unicorn.rb:48:in `block in builder'
	from /usr/local/rvm/gems/ruby-2.1.0/gems/unicorn-4.9.0/bin/unicorn_rails:139:in `call'
	from /usr/local/rvm/gems/ruby-2.1.0/gems/unicorn-4.9.0/bin/unicorn_rails:139:in `block in rails_builder'
	from /usr/local/rvm/gems/ruby-2.1.0/gems/unicorn-4.9.0/lib/unicorn/http_server.rb:768:in `call'
	from /usr/local/rvm/gems/ruby-2.1.0/gems/unicorn-4.9.0/lib/unicorn/http_server.rb:768:in `build_app!'
	from /usr/local/rvm/gems/ruby-2.1.0/gems/unicorn-4.9.0/lib/unicorn/http_server.rb:137:in `start'
	from /usr/local/rvm/gems/ruby-2.1.0/gems/unicorn-4.9.0/bin/unicorn_rails:209:in `<top (required)>'
	from /usr/local/rvm/gems/ruby-2.1.0/bin/unicorn_rails:23:in `load'
	from /usr/local/rvm/gems/ruby-2.1.0/bin/unicorn_rails:23:in `<main>'
	from /usr/local/rvm/gems/ruby-2.1.0/bin/ruby_executable_hooks:15:in `eval'
	from /usr/local/rvm/gems/ruby-2.1.0/bin/ruby_executable_hooks:15:in `<main>'
I, [2015-10-29T10:31:55.856508 #12642]  INFO -- : Refreshing Gem list
I, [2015-10-29T10:31:59.496531 #12642]  INFO -- : listening on addr=0.0.0.0:3000 fd=8
I, [2015-10-29T10:31:59.586887 #12647]  INFO -- : worker=0 ready
I, [2015-10-29T10:31:59.592257 #12642]  INFO -- : master process ready
I, [2015-10-29T10:31:59.640802 #12650]  INFO -- : worker=1 ready
/opt/aptual/actual/app/helpers/application_helper.rb:111: warning: else without rescue is useless
/opt/aptual/actual/app/helpers/application_helper.rb:111: warning: else without rescue is useless
I, [2015-10-29T12:57:36.906171 #27508]  INFO -- : Refreshing Gem list
/usr/local/rvm/gems/ruby-2.2.3/gems/activesupport-3.2.14/lib/active_support/values/time_zone.rb:270: warning: circular argument reference - now
I, [2015-10-29T12:57:40.431129 #27508]  INFO -- : listening on addr=0.0.0.0:3000 fd=8
I, [2015-10-29T12:57:40.493225 #27513]  INFO -- : worker=0 ready
I, [2015-10-29T12:57:40.516370 #27508]  INFO -- : master process ready
I, [2015-10-29T12:57:40.560962 #27516]  INFO -- : worker=1 ready
/opt/aptual/actual/app/helpers/application_helper.rb:111: warning: else without rescue is useless
/opt/aptual/actual/app/helpers/application_helper.rb:111: warning: else without rescue is useless
